Arguments: 
  C:\Program Files\nodejs\node.exe C:\Users\shreyansh\AppData\Roaming\npm\node_modules\yarn\bin\yarn.js add core-js@2.6.5

PATH: 
  C:\Python39\Scripts\;C:\Python39\;C:\Windows\system32;C:\Windows;C:\Windows\System32\Wbem;C:\Windows\System32\WindowsPowerShell\v1.0\;C:\Program Files\Intel\WiFi\bin\;C:\Program Files\Common Files\Intel\WirelessCommon\;C:\Android;C:\WINDOWS\system32;C:\WINDOWS;C:\WINDOWS\System32\Wbem;C:\WINDOWS\System32\WindowsPowerShell\v1.0\;C:\WINDOWS\System32\OpenSSH\;C:\Program Files\dotnet\;C:\Program Files\Microsoft SQL Server\130\Tools\Binn\;C:\Program Files\Microsoft SQL Server\Client SDK\ODBC\170\Tools\Binn\;C:\Program Files (x86)\Intel\Intel(R) Management Engine Components\DAL;C:\Program Files\Intel\Intel(R) Management Engine Components\DAL;C:\Program Files (x86)\NVIDIA Corporation\PhysX\Common;C:\Program Files\NVIDIA Corporation\NVIDIA NvDLISR;C:\Program Files\nodejs\;C:\ProgramData\chocolatey\bin;C:\Program Files\MongoDB\Server\4.4\bin;C:\Users\shreyansh\AppData\Local\Microsoft\WindowsApps;C:\Users\shreyansh\AppData\Local\Programs\Python\Python37;C:\Users\shreyansh\AppData\Local\Programs\Python\Python37\Scripts;C:\Users\shreyansh\AppData\Local\Programs\Microsoft VS Code\bin;C:\Users\shreyansh\AppData\Roaming\npm\node_modules\@angular\cli\bin;C:\Users\shreyansh\AppData\Roaming\npm\node_modules\@angular\cli\node_modules;C:\Users\shreyansh\AppData\Roaming\npm

Yarn version: 
  1.22.4

Node version: 
  14.15.5

Platform: 
  win32 x64

Trace: 
  Error: EPERM: operation not permitted, unlink 'C:\Users\shreyansh\4-natours\node_modules\deasync\bin\win32-x64-node-14\deasync.node'

npm manifest: 
  {
    "name": "natours",
    "version": "1.0.0",
    "description": "Learning node, express and mongoDB",
    "main": "app.js",
    "scripts": {
      "start": "nodemon server.js",
      "start:prod": "SET NODE_ENV=production&&nodemon server.js",
      "debug": "ndb server.js",
      "watch:js": "parcel watch --no-hmr ./public/js/index.js --out-dir ./public/js --out-file bundle.js --public-url ./",
      "build:js": "parcel watch ./public/js/index.js --out-dir ./public/js --out-file bundle.js"
    },
    "author": "Shreyansh Patel",
    "license": "ISC",
    "dependencies": {
      "@babel/polyfill": "^7.12.1",
      "axios": "^0.23.0",
      "bcryptjs": "^2.4.3",
      "cookie-parser": "^1.4.5",
      "dotenv": "^7.0.0",
      "eslint": "^5.16.0",
      "express": "^4.16.4",
      "express-mongo-sanitize": "^2.1.0",
      "express-rate-limit": "^5.2.6",
      "helmet": "^4.6.0",
      "hpp": "^0.2.3",
      "jsonwebtoken": "^8.5.1",
      "mongoose": "^5.5.2",
      "morgan": "^1.9.1",
      "nodemailer": "^6.6.1",
      "pug": "^3.0.2",
      "slugify": "^1.3.4",
      "validator": "^10.11.0",
      "xss-clean": "^0.1.1"
    },
    "devDependencies": {
      "eslint": "^5.16.0",
      "eslint-config-airbnb": "^17.1.0",
      "eslint-config-prettier": "^4.1.0",
      "eslint-plugin-import": "^2.17.2",
      "eslint-plugin-jsx-a11y": "^6.2.1",
      "eslint-plugin-node": "^8.0.1",
      "eslint-plugin-prettier": "^3.0.1",
      "eslint-plugin-react": "^7.12.4",
      "parcel-bundler": "^1.12.5",
      "prettier": "^1.17.0"
    },
    "engines": {
      "node": ">=10.0.0"
    }
  }

yarn manifest: 
  No manifest

Lockfile: 
  No lockfile
